0 info it worked if it ends with ok
1 verbose cli [ '/usr/local/bin/node', '/usr/local/bin/npm', 'publish' ]
2 info using npm@3.7.1
3 info using node@v5.6.0
4 verbose publish [ '.' ]
5 silly cache add args [ '.', null ]
6 verbose cache add spec .
7 silly cache add parsed spec Result {
7 silly cache add   raw: '.',
7 silly cache add   scope: null,
7 silly cache add   name: null,
7 silly cache add   rawSpec: '.',
7 silly cache add   spec: '/Users/jurijsjeskins/Documents/Developer/cordova/cordova-plugin-fingerprint-id',
7 silly cache add   type: 'directory' }
8 verbose addLocalDirectory /Users/jurijsjeskins/.npm/cordova-plugin-fingerprint-login/0.3.1/package.tgz not in flight; packing
9 verbose correctMkdir /Users/jurijsjeskins/.npm correctMkdir not in flight; initializing
10 info lifecycle cordova-plugin-fingerprint-login@0.3.1~prepublish: cordova-plugin-fingerprint-login@0.3.1
11 silly lifecycle cordova-plugin-fingerprint-login@0.3.1~prepublish: no script for prepublish, continuing
12 verbose tar pack [ '/Users/jurijsjeskins/.npm/cordova-plugin-fingerprint-login/0.3.1/package.tgz',
12 verbose tar pack   '/Users/jurijsjeskins/Documents/Developer/cordova/cordova-plugin-fingerprint-id' ]
13 verbose tarball /Users/jurijsjeskins/.npm/cordova-plugin-fingerprint-login/0.3.1/package.tgz
14 verbose folder /Users/jurijsjeskins/Documents/Developer/cordova/cordova-plugin-fingerprint-id
15 verbose addLocalTarball adding from inside cache /Users/jurijsjeskins/.npm/cordova-plugin-fingerprint-login/0.3.1/package.tgz
16 verbose correctMkdir /Users/jurijsjeskins/.npm correctMkdir not in flight; initializing
17 silly cache afterAdd cordova-plugin-fingerprint-login@0.3.1
18 verbose afterAdd /Users/jurijsjeskins/.npm/cordova-plugin-fingerprint-login/0.3.1/package/package.json not in flight; writing
19 verbose correctMkdir /Users/jurijsjeskins/.npm correctMkdir not in flight; initializing
20 verbose afterAdd /Users/jurijsjeskins/.npm/cordova-plugin-fingerprint-login/0.3.1/package/package.json written
21 silly publish { name: 'cordova-plugin-fingerprint-login',
21 silly publish   version: '0.3.1',
21 silly publish   description: '\r\n    Scan the fingerprint of your user with the TouchID sensor and other Fingerprint sensor\r\n  ',
21 silly publish   cordova:
21 silly publish    { id: 'cordova-plugin-fingerprint-login',
21 silly publish      platforms: [ 'ios', 'android' ] },
21 silly publish   repository:
21 silly publish    { type: 'git',
21 silly publish      url: 'git+https://github.com/yurish/cordova-plugin-fingerprint-login.git' },
21 silly publish   keywords:
21 silly publish    [ 'TouchID',
21 silly publish      'Touch ID',
21 silly publish      'Fingerprint',
21 silly publish      'Biometric',
21 silly publish      'ecosystem:cordova',
21 silly publish      'cordova-ios',
21 silly publish      'cordova-android' ],
21 silly publish   engines: [ { name: 'cordova', version: '>=3.0.0' } ],
21 silly publish   author: { name: 'yurish' },
21 silly publish   license: 'MIT',
21 silly publish   bugs: { url: 'https://github.com/yurish/cordova-plugin-fingerprint-login/issues' },
21 silly publish   homepage: 'https://github.com/yurish/cordova-plugin-fingerprint-login#readme',
21 silly publish   readme: '# Cordova FingerPrint Plugin\nby yurish\n\nThis is a fork of Cordova TouchID Plugin by Eddy Verbruggen and Cordova Fingerprint ID Plugin by susanne\nThe original plugins are located here: https://github.com/EddyVerbruggen/cordova-plugin-touch-id and https://github.com/susannegeorge/cordova-plugin-fingerprint-id\n\n//TODO\nAdd in support for Samsung Devices (Samsung Pass)\n\n\n## Index\n1. [Description](#1-description)\n2. [Installation](#2-installation)\n\t2. [Automatically (CLI / Plugman)](#automatically-cli--plugman)\n3. [Usage](#3-usage)\n4. [Security++](#4-security)\n5. [License](#5-license)\n\n## 1. Description\n\nScan the fingerprint of your user with the TouchID sensor (iPhone 5S) and Samsung Android Phones.\n\n* Compatible with [Cordova Plugman](https://github.com/apache/cordova-plugman).\n* Minimum iOS version is 8 (error callbacks will be gracefully invoked on lower versions).\n* Requires a fingerprint scanner, so an iPhone 5S or newer is required.\n\n//TODO - Samsung Android Description\n\n## 2. Installation\n\n### Automatically (CLI / Plugman)\nCompatible with [Cordova Plugman](https://github.com/apache/cordova-plugman), compatible with [PhoneGap 3.0 CLI](http://docs.phonegap.com/en/3.0.0/guide_cli_index.md.html#The%20Command-line%20Interface_add_features), here\'s how it works with the CLI (backup your project first!):\n\nFrom npm:\n```\n$ cordova plugin add cordova-plugin-fingerprint-login\n$ cordova prepare\n```\n\nThe latest, from the master repo:\n```\n$ cordova plugin add <>\n$ cordova prepare\n```\n\nTouchID.js is brought in automatically. There is no need to change or add anything in your html.\n\n//TODO - Samsung Android Installation\n\n## 3. Usage\nFirst you\'ll want to check whether or not the user has a configured fingerprint scanner.\nYou can use this to show a \'log in with your fingerprint\' button next to a username/password login form.\n```js\nwindow.plugins.touchid.isAvailable(\n  function() {alert(\'available!\')}, // success handler: TouchID available\n  function(msg) {alert(\'not available, message: \' + msg)} // error handler: no TouchID available\n);\n```\n\nIf the onSuccess handler was called, you can scan the fingerprint.\nThere are two options: `verifyFingerprint` and `verifyFingerprintWithCustomPasswordFallback`.\nThe first method will offer a fallback option called \'enter passcode\' which shows the default passcode UI when pressed.\nThe second method will offer a fallback option called \'enter password\' (not passcode) which allows you to provide your own password dialog.\n```js\nwindow.plugins.touchid.verifyFingerprint(\n  \'Scan your fingerprint please\', // this will be shown in the native scanner popup\n   function(msg) {alert(\'ok: \' + msg)}, // success handler: fingerprint accepted\n   function(msg) {alert(\'not ok: \' + JSON.stringify(msg))} // error handler with errorcode and localised reason\n);\n```\nThe errorhandler of the method above can receive an error code of `-2` which means the user pressed the \'enter password\' fallback.\n\n```js\nwindow.plugins.touchid.verifyFingerprintWithCustomPasswordFallback(\n  \'Scan your fingerprint please\', // this will be shown in the native scanner popup\n   function(msg) {alert(\'ok: \' + msg)}, // success handler: fingerprint accepted\n   function(msg) {alert(\'not ok: \' + JSON.stringify(msg))} // error handler with errorcode and localised reason\n);\n```\n\nThis will render a button labelled \'Enter password\' in case the fingerprint is not recognized.\nIf you want to provide your own label (\'Enter PIN\' perhaps), you can use awkwardly named function (added in version 3.1.0):\n\n```js\nwindow.plugins.touchid.verifyFingerprintWithCustomPasswordFallbackAndEnterPasswordLabel(\n  \'Scan your fingerprint please\', // this will be shown in the native scanner popup\n  \'Enter PIN\', // this will become the \'Enter password\' button label\n   function(msg) {alert(\'ok: \' + msg)}, // success handler: fingerprint accepted\n   function(msg) {alert(\'not ok: \' + JSON.stringify(msg))} // error handler with errorcode and localised reason\n);\n```\n\nYou can copy-paste these lines of code for a quick test:\n```html\n<button onclick="window.plugins.touchid.isAvailable(function(msg) {alert(\'ok: \' + msg)}, function(msg) {alert(\'not ok: \' + msg)})">Touch ID available?</button>\n<button onclick="window.plugins.touchid.verifyFingerprint(\'Scan your fingerprint please\', function(msg) {alert(\'ok: \' + msg)}, function(msg) {alert(\'not ok: \' + JSON.stringify(msg))})">Scan fingerprint</button>\n```\n\n//TODO - Samsung Android Usage\n\n## 4. Security++\nSince iOS9 it\'s possible to check whether or not the list of enrolled fingerprints changed since\nthe last time you checked it. It\'s recommended you add this check so you can counter hacker attacks\nto your app. See [this article](https://godpraksis.no/2016/03/fingerprint-trojan/) for more details.\n\nSo instead of checking the fingerprint after `isAvailable` add another check.\nIn case `didFingerprintDatabaseChange` returns `true` you probably want to re-authenticate your user\nbefore accepting valid fingerprints again.\n\n```js\nwindow.plugins.touchid.isAvailable(\n    // success handler; available\n    function() {\n      window.plugins.touchid.didFingerprintDatabaseChange(\n          function(changed) {\n            if (changed) {\n              // re-auth the user by asking for his credentials before allowing a fingerprint scan again\n            } else {\n              // call the fingerprint scanner\n            }\n          }\n      );\n    },\n    // error handler; not available\n    function(msg) {\n      // use a more traditional auth mechanism\n    }\n);\n```\n\n//TODO - Samsung Android Security\n\n## 5. License\n\n[The MIT License (MIT)](http://www.opensource.org/licenses/mit-license.html)\n\nPermission is hereby granted, free of charge, to any person obtaining a copy\nof this software and associated documentation files (the "Software"), to deal\nin the Software without restriction, including without limitation the rights\nto use, copy, modify, merge, publish, distribute, sublicense, and/or sell\ncopies of the Software, and to permit persons to whom the Software is\nfurnished to do so, subject to the following conditions:\n\nThe above copyright notice and this permission notice shall be included in\nall copies or substantial portions of the Software.\n\nTHE SOFTWARE IS PROVIDED "AS IS", WITHOUT WARRANTY OF ANY KIND, EXPRESS OR\nIMPLIED, INCLUDING BUT NOT LIMITED TO THE WARRANTIES OF MERCHANTABILITY,\nFITNESS FOR A PARTICULAR PURPOSE AND NONINFRINGEMENT. IN NO EVENT SHALL THE\nAUTHORS OR COPYRIGHT HOLDERS BE LIABLE FOR ANY CLAIM, DAMAGES OR OTHER\nLIABILITY, WHETHER IN AN ACTION OF CONTRACT, TORT OR OTHERWISE, ARISING FROM,\nOUT OF OR IN CONNECTION WITH THE SOFTWARE OR THE USE OR OTHER DEALINGS IN\nTHE SOFTWARE.',
21 silly publish   readmeFilename: 'README.md',
21 silly publish   gitHead: 'e9eb0eece6e1c7ab6761739511cdf21289ee526c',
21 silly publish   _id: 'cordova-plugin-fingerprint-login@0.3.1',
21 silly publish   scripts: {},
21 silly publish   _shasum: '50943c052d96b41376e73b256fce95fbe35444b1',
21 silly publish   _from: '.' }
22 verbose getPublishConfig undefined
23 silly mapToRegistry name cordova-plugin-fingerprint-login
24 silly mapToRegistry using default registry
25 silly mapToRegistry registry https://registry.npmjs.org/
26 silly mapToRegistry uri https://registry.npmjs.org/cordova-plugin-fingerprint-login
27 verbose publish registryBase https://registry.npmjs.org/
28 silly publish uploading /Users/jurijsjeskins/.npm/cordova-plugin-fingerprint-login/0.3.1/package.tgz
29 verbose request uri https://registry.npmjs.org/cordova-plugin-fingerprint-login
30 verbose request sending authorization for write operation
31 info attempt registry request try #1 at 12:32:52 PM
32 verbose request using bearer token for auth
33 verbose request id 139da2b82459959f
34 http request PUT https://registry.npmjs.org/cordova-plugin-fingerprint-login
35 http 403 https://registry.npmjs.org/cordova-plugin-fingerprint-login
36 verbose headers { 'content-type': 'application/json',
36 verbose headers   'cache-control': 'max-age=300',
36 verbose headers   'content-length': '95',
36 verbose headers   'accept-ranges': 'bytes',
36 verbose headers   date: 'Tue, 12 Jul 2016 09:32:54 GMT',
36 verbose headers   via: '1.1 varnish',
36 verbose headers   connection: 'keep-alive',
36 verbose headers   'x-served-by': 'cache-ams4437-AMS',
36 verbose headers   'x-cache': 'MISS',
36 verbose headers   'x-cache-hits': '0',
36 verbose headers   'x-timer': 'S1468315973.249551,VS0,VE1115',
36 verbose headers   vary: 'Accept-Encoding' }
37 verbose request invalidating /Users/jurijsjeskins/.npm/registry.npmjs.org/cordova-plugin-fingerprint-login on PUT
38 error publish Failed PUT 403
39 verbose stack Error: "You cannot publish over the previously published version 0.3.1." : cordova-plugin-fingerprint-login
39 verbose stack     at makeError (/usr/local/lib/node_modules/npm/node_modules/npm-registry-client/lib/request.js:264:12)
39 verbose stack     at CachingRegistryClient.<anonymous> (/usr/local/lib/node_modules/npm/node_modules/npm-registry-client/lib/request.js:252:14)
39 verbose stack     at Request._callback (/usr/local/lib/node_modules/npm/node_modules/npm-registry-client/lib/request.js:172:14)
39 verbose stack     at Request.self.callback (/usr/local/lib/node_modules/npm/node_modules/request/request.js:199:22)
39 verbose stack     at emitTwo (events.js:100:13)
39 verbose stack     at Request.emit (events.js:185:7)
39 verbose stack     at Request.<anonymous> (/usr/local/lib/node_modules/npm/node_modules/request/request.js:1036:10)
39 verbose stack     at emitOne (events.js:95:20)
39 verbose stack     at Request.emit (events.js:182:7)
39 verbose stack     at IncomingMessage.<anonymous> (/usr/local/lib/node_modules/npm/node_modules/request/request.js:963:12)
40 verbose statusCode 403
41 verbose pkgid cordova-plugin-fingerprint-login
42 verbose cwd /Users/jurijsjeskins/Documents/Developer/cordova/cordova-plugin-fingerprint-id
43 error Darwin 15.5.0
44 error argv "/usr/local/bin/node" "/usr/local/bin/npm" "publish"
45 error node v5.6.0
46 error npm  v3.7.1
47 error code E403
48 error "You cannot publish over the previously published version 0.3.1." : cordova-plugin-fingerprint-login
49 error If you need help, you may report this error at:
49 error     <https://github.com/npm/npm/issues>
50 verbose exit [ 1, true ]
